d:\git\lab4-queue\queue_visual\debug\vc120.pdb
d:\git\lab4-queue\queue_visual\debug\myform.obj
d:\git\lab4-queue\debug\queue_visual.exe
d:\git\lab4-queue\queue_visual\debug\simulatorqueue.myform.resources
d:\git\lab4-queue\queue_visual\debug\queue_visual.vcxproj.generateresource.cache
d:\git\lab4-queue\queue_visual\debug\queue_visual.vcxprojassemblyreference.cache
d:\git\lab4-queue\queue_visual\debug\queue_visual.vcxprojresolveassemblyreference.cache
d:\git\lab4-queue\queue_visual\debug\simulator_queue.vcxproj.generateresource.cache
d:\git\lab4-queue\queue_visual\debug\simulator_queue.vcxprojassemblyreference.cache
d:\git\lab4-queue\queue_visual\debug\.netframework,version=v4.5.assemblyattributes.obj
d:\git\lab4-queue\queue_visual\debug\vc141.pdb
d:\git\lab4-queue\debug\queue_visual.pdb
d:\git\lab4-queue\queue_visual\debug\queue_visual.tlog\cl.command.1.tlog
d:\git\lab4-queue\queue_visual\debug\queue_visual.tlog\cl.read.1.tlog
d:\git\lab4-queue\queue_visual\debug\queue_visual.tlog\cl.write.1.tlog
d:\git\lab4-queue\queue_visual\debug\queue_visual.tlog\link.command.1.tlog
d:\git\lab4-queue\queue_visual\debug\queue_visual.tlog\link.read.1.tlog
d:\git\lab4-queue\queue_visual\debug\queue_visual.tlog\link.write.1.tlog
d:\git\lab4-queue\queue_visual\debug\queue_visual.tlog\metagen.read.1.tlog
d:\git\lab4-queue\queue_visual\debug\queue_visual.tlog\metagen.write.1.tlog
d:\git\lab4-queue\queue_visual\debug\queue_visual.tlog\queue_visual.write.1u.tlog
d:\git\lab4-queue\queue_visual\debug\queue_visual.tlog\system.data.dll.metagen
d:\git\lab4-queue\queue_visual\debug\queue_visual.tlog\system.dll.metagen
d:\git\lab4-queue\queue_visual\debug\queue_visual.tlog\system.drawing.dll.metagen
d:\git\lab4-queue\queue_visual\debug\queue_visual.tlog\system.xml.dll.metagen
d:\git\lab4-queue\queue_visual\debug\queue_visual.tlog\tzres.dll.bi
